2022-10-03 14:34:45,536 [main] INFO DressShop - ******** Launching browser*********
2022-10-03 18:09:53,034 [main] INFO DressShop - ******** Launching browser*********
2022-10-03 18:09:53,046 [main] INFO DressShop - ******** Launching Search Page*********
2022-10-03 18:09:56,110 [main] INFO DressShop - ******** Passing search key*********
2022-10-03 18:09:56,382 [main] INFO DressShop - ******** Clicking the search button *********
2022-10-03 18:09:57,800 [main] INFO DressShop - ******** Checking the search page title *********
2022-10-03 18:11:43,531 [main] INFO DressShop - ******** Launching browser*********
2022-10-03 18:11:43,541 [main] INFO DressShop - ******** Launching Search Page*********
2022-10-03 18:11:48,334 [main] INFO DressShop - ******** Passing search key*********
2022-10-03 18:11:48,561 [main] INFO DressShop - ******** Clicking the search button *********
2022-10-03 18:11:52,724 [main] INFO DressShop - ******** Checking the search page title *********
2022-10-03 18:14:49,615 [main] INFO DressShop - ******** Launching browser*********
2022-10-03 18:14:49,625 [main] INFO DressShop - ******** Launching Search Page*********
2022-10-03 18:14:55,100 [main] INFO DressShop - ******** Passing search key*********
2022-10-03 18:14:55,393 [main] INFO DressShop - ******** Clicking the search button *********
2022-10-03 18:14:56,840 [main] INFO DressShop - ******** Checking the search page title *********
2022-10-03 18:16:00,534 [main] INFO DressShop - ******** Launching browser*********
2022-10-03 18:16:00,545 [main] INFO DressShop - ******** Launching Search Page*********
2022-10-03 18:16:04,346 [main] INFO DressShop - ******** Passing search key*********
2022-10-03 18:16:04,570 [main] INFO DressShop - ******** Clicking the search button *********
2022-10-03 18:16:06,176 [main] INFO DressShop - ******** Checking the search page title *********
2022-10-03 18:20:32,940 [main] INFO DressShop - ******** Launching browser*********
2022-10-03 18:20:32,950 [main] INFO DressShop - ******** Launching Search Page*********
2022-10-03 18:20:38,600 [main] INFO DressShop - ******** Passing search key*********
2022-10-03 18:20:38,794 [main] INFO DressShop - ******** Clicking the search button *********
2022-10-03 18:20:41,995 [main] INFO DressShop - ******** Checking the search page title *********
2022-10-04 12:26:35,144 [main] INFO DressShop - ******** Launching browser*********
2022-10-04 12:26:35,803 [main] INFO DressShop - ******** Launching browser*********
2022-10-04 12:26:36,448 [main] INFO DressShop - ******** Launching browser*********
2022-10-04 13:01:45,231 [main] INFO DressShop - ******** Launching browser*********
2022-10-04 13:01:45,243 [main] INFO DressShop - ******** Launching Search Page*********
2022-10-04 13:01:49,196 [main] INFO DressShop - ******** Passing search key*********
2022-10-04 13:01:49,320 [main] INFO DressShop - ******** Clicking the search button *********
2022-10-04 13:01:50,509 [main] INFO DressShop - ******** Checking the search page title *********
2022-10-04 13:23:04,448 [main] INFO DressShop - ******** Launching browser*********
2022-10-04 13:23:04,455 [main] INFO DressShop - ******** Launching Search Page*********
2022-10-04 13:23:12,307 [main] INFO DressShop - ******** Passing search key*********
2022-10-04 13:23:12,433 [main] INFO DressShop - ******** Clicking the search button *********
2022-10-04 13:23:14,116 [main] INFO DressShop - ******** Checking the search page title *********
